<?xml version="1.0" encoding="UTF-8"?>
<!-- Generated by org.testng.reporters.JUnitReportReporter -->
<testsuite hostname="Sindu" failures="0" tests="3" name="com.qa.hubspot.PagesTest.LoginTest" time="6.501" errors="0" timestamp="30 Apr 2020 11:09:01 GMT" skipped="0">
  <testcase classname="com.qa.hubspot.PagesTest.LoginTest" name="verifyPageTitleTest" time="0.672"/>
  <testcase classname="com.qa.hubspot.PagesTest.LoginTest" name="verifySignUpLinkTest" time="0.126"/>
  <testcase classname="com.qa.hubspot.PagesTest.LoginTest" name="doLoginTest" time="5.703"/>
</testsuite> <!-- com.qa.hubspot.PagesTest.LoginTest -->
