<?xml version="1.0" encoding="UTF-8"?>
<!-- Generated by org.testng.reporters.JUnitReportReporter -->
<testsuite hostname="Sindu" failures="0" tests="3" name="com.qa.hubspot.PagesTest.HomePageTest" time="0.447" errors="0" timestamp="30 Apr 2020 11:09:01 GMT" skipped="0">
  <testcase classname="com.qa.hubspot.PagesTest.HomePageTest" name="verifyHomePageTitle" time="0.068"/>
  <testcase classname="com.qa.hubspot.PagesTest.HomePageTest" name="verifyAccountName" time="0.280"/>
  <testcase classname="com.qa.hubspot.PagesTest.HomePageTest" name="verifyHomePageHeader" time="0.099"/>
</testsuite> <!-- com.qa.hubspot.PagesTest.HomePageTest -->
